Build started 23.2.2016 13:26:06.
     1>Project "E:\Graphics-programming\PeekGraphics\PeekGraphics\PeekGraphics.vcxproj" on node 2 (Build target(s)).
     1>ClCompile:
         C:\Program Files (x86)\Microsoft Visual Studio 12.0\VC\bin\CL.exe /c /I"C:\Users\Teemu\Documents\bullet3-2.83.7\src" /ZI /nologo /W3 /WX- /sdl /Od /Oy- /D WIN32 /D _DEBUG /D _WINDOWS /D _CRT_SECURE_NO_WARNINGS /D _CRT_NON_CONFORMING_SWPRINTFS /D _UNICODE /D UNICODE /Gm /EHsc /RTC1 /MDd /GS /fp:precise /Zc:wchar_t /Zc:forScope /Yu"stdafx.h" /Fp"Debug\PeekGraphics.pch" /Fo"Debug\\" /Fd"Debug\vc120.pdb" /Gd /TP /analyze- /errorReport:prompt GraphicsCore.cpp
         GraphicsCore.cpp
     1>e:\graphics-programming\peekgraphics\peekgraphics\graphicscore.cpp(114): warning C4800: 'BOOL' : forcing value to bool 'true' or 'false' (performance warning)
     1>e:\graphics-programming\peekgraphics\peekgraphics\graphicscore.cpp(136): warning C4244: 'initializing' : conversion from 'double' to 'int', possible loss of data
       Link:
         C:\Program Files (x86)\Microsoft Visual Studio 12.0\VC\bin\link.exe /ERRORREPORT:PROMPT /OUT:"E:\Graphics-programming\PeekGraphics\Debug\PeekGraphics.exe" /INCREMENTAL /NOLOGO opengl32.lib glew32.lib freetype248_D.lib assimp.lib BulletCollision_Debug.lib BulletDynamics_Debug.lib LinearMath_Debug.lib gorillaD.lib kernel32.lib user32.lib gdi32.lib winspool.lib comdlg32.lib advapi32.lib shell32.lib ole32.lib oleaut32.lib uuid.lib odbc32.lib odbccp32.lib /MANIFEST /MANIFESTUAC:"level='asInvoker' uiAccess='false'" /manifest:embed /DEBUG /PDB:"E:\Graphics-programming\PeekGraphics\Debug\PeekGraphics.pdb" /SUBSYSTEM:WINDOWS /TLBID:1 /DYNAMICBASE /NXCOMPAT /IMPLIB:"E:\Graphics-programming\PeekGraphics\Debug\PeekGraphics.lib" /MACHINE:X86 Debug\PeekGraphics.res
         Debug\AssimpModel.obj
         Debug\FlyingCamera.obj
         Debug\FrameBuffer.obj
         Debug\FreeTypeFont.obj
         Debug\GraphicsCore.obj
         Debug\Logger.obj
         Debug\PeekGraphics.obj
         Debug\Render.obj
         Debug\Renderables.obj
         Debug\Shader.obj
         Debug\SkyBox.obj
         Debug\SoundClass.obj
         Debug\stdafx.obj
         Debug\Sun.obj
         Debug\TextBox.obj
         Debug\TTexture.obj
         Debug\vertexbufferobject.obj
         "C:\Users\Teemu\Documents\bullet3-2.83.7\build\lib\Debug\Bullet3Dynamics_Debug.lib"
         "C:\Users\Teemu\Documents\bullet3-2.83.7\build\lib\Debug\BulletCollision_Debug.lib"
         "C:\Users\Teemu\Documents\bullet3-2.83.7\build\lib\Debug\LinearMath_Debug.lib"
         PeekGraphics.vcxproj -> E:\Graphics-programming\PeekGraphics\Debug\PeekGraphics.exe
     1>Done Building Project "E:\Graphics-programming\PeekGraphics\PeekGraphics\PeekGraphics.vcxproj" (Build target(s)).

Build succeeded.

Time Elapsed 00:00:14.13
