e:\graphics-programming\peekgraphics\peekgraphics\debug\peekgraphics.pch
e:\graphics-programming\peekgraphics\peekgraphics\debug\vc120.pdb
e:\graphics-programming\peekgraphics\peekgraphics\debug\vc120.idb
e:\graphics-programming\peekgraphics\peekgraphics\debug\stdafx.obj
e:\graphics-programming\peekgraphics\peekgraphics\debug\framebuffer.obj
e:\graphics-programming\peekgraphics\peekgraphics\debug\graphicscore.obj
e:\graphics-programming\peekgraphics\peekgraphics\debug\peekgraphics.obj
e:\graphics-programming\peekgraphics\peekgraphics\debug\ttexture.obj
e:\graphics-programming\peekgraphics\peekgraphics\debug\vertexbufferobject.obj
e:\graphics-programming\peekgraphics\peekgraphics\debug\shader.obj
e:\graphics-programming\peekgraphics\peekgraphics\debug\freetypefont.obj
e:\graphics-programming\peekgraphics\peekgraphics\debug\skybox.obj
e:\graphics-programming\peekgraphics\peekgraphics\debug\renderables.obj
e:\graphics-programming\peekgraphics\peekgraphics\debug\render.obj
e:\graphics-programming\peekgraphics\peekgraphics\debug\flyingcamera.obj
e:\graphics-programming\peekgraphics\peekgraphics\debug\assimpmodel.obj
e:\graphics-programming\peekgraphics\peekgraphics\debug\textbox.obj
e:\graphics-programming\peekgraphics\peekgraphics\debug\logger.obj
e:\graphics-programming\peekgraphics\debug\peekgraphics.ilk
e:\graphics-programming\peekgraphics\debug\peekgraphics.exe
e:\graphics-programming\peekgraphics\debug\peekgraphics.pdb
e:\graphics-programming\peekgraphics\peekgraphics\debug\peekgraphics.res
e:\graphics-programming\peekgraphics\peekgraphics\debug\peekgraphics.tlog\cl.command.1.tlog
e:\graphics-programming\peekgraphics\peekgraphics\debug\peekgraphics.tlog\cl.read.1.tlog
e:\graphics-programming\peekgraphics\peekgraphics\debug\peekgraphics.tlog\cl.write.1.tlog
e:\graphics-programming\peekgraphics\peekgraphics\debug\peekgraphics.tlog\link.command.1.tlog
e:\graphics-programming\peekgraphics\peekgraphics\debug\peekgraphics.tlog\link.read.1.tlog
e:\graphics-programming\peekgraphics\peekgraphics\debug\peekgraphics.tlog\link.write.1.tlog
e:\graphics-programming\peekgraphics\peekgraphics\debug\peekgraphics.tlog\rc.command.1.tlog
e:\graphics-programming\peekgraphics\peekgraphics\debug\peekgraphics.tlog\rc.read.1.tlog
e:\graphics-programming\peekgraphics\peekgraphics\debug\peekgraphics.tlog\rc.write.1.tlog
