Build started 22.2.2016 4:59:39.
     1>Project "E:\Graphics-programming\PeekGraphics\PeekGraphics\PeekGraphics.vcxproj" on node 2 (Build target(s)).
     1>ClCompile:
         C:\Program Files (x86)\Microsoft Visual Studio 12.0\VC\bin\CL.exe /c /Zi /nologo /W3 /WX- /sdl /O2 /Oi /Oy- /GL /D WIN32 /D NDEBUG /D _WINDOWS /D _UNICODE /D UNICODE /Gm- /EHsc /MD /GS /Gy /fp:precise /Zc:wchar_t /Zc:forScope /Yc"stdafx.h" /Fp"Release\PeekGraphics.pch" /Fo"Release\\" /Fd"Release\vc120.pdb" /Gd /TP /analyze- /errorReport:prompt stdafx.cpp
         stdafx.cpp
         C:\Program Files (x86)\Microsoft Visual Studio 12.0\VC\bin\CL.exe /c /Zi /nologo /W3 /WX- /sdl /O2 /Oi /Oy- /GL /D WIN32 /D NDEBUG /D _WINDOWS /D _UNICODE /D UNICODE /Gm- /EHsc /MD /GS /Gy /fp:precise /Zc:wchar_t /Zc:forScope /Yu"stdafx.h" /Fp"Release\PeekGraphics.pch" /Fo"Release\\" /Fd"Release\vc120.pdb" /Gd /TP /analyze- /errorReport:prompt AssimpModel.cpp FlyingCamera.cpp FrameBuffer.cpp FreeTypeFont.cpp GraphicsCore.cpp Logger.cpp PeekGraphics.cpp Render.cpp Renderables.cpp Shader.cpp SkyBox.cpp Sun.cpp TextBox.cpp TTexture.cpp vertexbufferobject.cpp
         AssimpModel.cpp
     1>e:\graphics-programming\peekgraphics\peekgraphics\Usefulheaders.h(12): fatal error C1083: Cannot open include file: 'glew.h': No such file or directory
         FlyingCamera.cpp
     1>e:\graphics-programming\peekgraphics\peekgraphics\FlyingCamera.h(2): fatal error C1083: Cannot open include file: 'glm.hpp': No such file or directory
         FrameBuffer.cpp
     1>e:\graphics-programming\peekgraphics\peekgraphics\TTexture.h(3): fatal error C1083: Cannot open include file: 'glew.h': No such file or directory
         FreeTypeFont.cpp
     1>e:\graphics-programming\peekgraphics\peekgraphics\Usefulheaders.h(12): fatal error C1083: Cannot open include file: 'glew.h': No such file or directory
         GraphicsCore.cpp
     1>GraphicsCore.cpp(2): fatal error C1083: Cannot open include file: 'glew.h': No such file or directory
         Logger.cpp
         PeekGraphics.cpp
     1>e:\graphics-programming\peekgraphics\peekgraphics\Renderables.h(2): fatal error C1083: Cannot open include file: 'glew.h': No such file or directory
         Render.cpp
     1>Render.cpp(2): fatal error C1083: Cannot open include file: 'glew.h': No such file or directory
         Renderables.cpp
     1>e:\graphics-programming\peekgraphics\peekgraphics\Renderables.h(2): fatal error C1083: Cannot open include file: 'glew.h': No such file or directory
         Shader.cpp
     1>e:\graphics-programming\peekgraphics\peekgraphics\Usefulheaders.h(12): fatal error C1083: Cannot open include file: 'glew.h': No such file or directory
         SkyBox.cpp
     1>e:\graphics-programming\peekgraphics\peekgraphics\SkyBox.h(2): fatal error C1083: Cannot open include file: 'glew.h': No such file or directory
         Sun.cpp
     1>e:\graphics-programming\peekgraphics\peekgraphics\Sun.h(3): fatal error C1083: Cannot open include file: 'glm.hpp': No such file or directory
         TextBox.cpp
         TTexture.cpp
     1>e:\graphics-programming\peekgraphics\peekgraphics\TTexture.h(3): fatal error C1083: Cannot open include file: 'glew.h': No such file or directory
         vertexbufferobject.cpp
     1>e:\graphics-programming\peekgraphics\peekgraphics\vertexbufferobject.h(9): fatal error C1083: Cannot open include file: 'glew.h': No such file or directory
     1>Done Building Project "E:\Graphics-programming\PeekGraphics\PeekGraphics\PeekGraphics.vcxproj" (Build target(s)) -- FAILED.

Build FAILED.

Time Elapsed 00:00:01.71
